###############################################################################
#                                                                             #
# IAR C/C++ Compiler V8.20.2.41139 for 8051             05/Mar/2014  15:11:21 #
# Copyright 2004-2013 IAR Systems AB.                                         #
#                                                                             #
#    Core               =  plain                                              #
#    Code model         =  banked                                             #
#    Data model         =  large                                              #
#    Calling convention =  xdata reentrant                                    #
#    Constant location  =  data_rom                                           #
#    Dptr setup         =  1,16                                               #
#                                                                             #
#    Source file        =  E:\TexasInstruments\BLE-CC254x-1.4.0\Components\ha #
#                          l\target\CC2541EB\hal_at24c32.c                    #
#    Command line       =  -f E:\TexasInstruments\BLE-CC254x-1.4.0\Projects\b #
#                          le\SimpleBLEPeripheralzeke\CC2541DB\..\..\config\b #
#                          uildComponents.cfg (-DBROADCASTER_CFG=0x01         #
#                          -DOBSERVER_CFG=0x02 -DPERIPHERAL_CFG=0x04          #
#                          -DCENTRAL_CFG=0x08 -DADV_NCONN_CFG=0x01            #
#                          -DADV_CONN_CFG=0x02 -DSCAN_CFG=0x04                #
#                          -DINIT_CFG=0x08 -DADV_CFG=ADV_NCONN_CFG+ADV_CONN_C #
#                          FG -DLINK_CFG=ADV_CONN_CFG+INIT_CFG                #
#                          -DFULL_CFG=INIT_CFG+SCAN_CFG+ADV_NCONN_CFG+ADV_CON #
#                          N_CFG) -f E:\TexasInstruments\BLE-CC254x-1.4.0\Pro #
#                          jects\ble\SimpleBLEPeripheralzeke\CC2541DB\buildCo #
#                          nfig.cfg (-DHOST_CONFIG=PERIPHERAL_CFG             #
#                          -DGAP_PRIVACY_RECONNECT -DCC2541                   #
#                          -DOAD_IMAGE_VERSION=0x0000                         #
#                          "-DOAD_IMAGE_A_USER_ID='A', 'A', 'A', 'A'"         #
#                          "-DOAD_IMAGE_B_USER_ID='B', 'B', 'B', 'B'")        #
#                          E:\TexasInstruments\BLE-CC254x-1.4.0\Components\ha #
#                          l\target\CC2541EB\hal_at24c32.c -D                 #
#                          INT_HEAP_LEN=3074 -D HALNODEBUG -D                 #
#                          OSAL_CBTIMER_NUM_TASKS=1 -D xHAL_AES_DMA=TRUE -D   #
#                          HAL_DMA=TRUE -D POWER_SAVING -D xPLUS_BROADCASTER  #
#                          -D HAL_LCD=TRUE -D HAL_LED=TRUE -D HAL_UART=TRUE   #
#                          -D HAL_ADC=TRUE -lcN E:\TexasInstruments\BLE-CC254 #
#                          x-1.4.0\Projects\ble\SimpleBLEPeripheralzeke\CC254 #
#                          1DB\CC2541\List\ -o E:\TexasInstruments\BLE-CC254x #
#                          -1.4.0\Projects\ble\SimpleBLEPeripheralzeke\CC2541 #
#                          DB\CC2541\Obj\ -e --debug --core=plain             #
#                          --dptr=16,1 --data_model=large                     #
#                          --code_model=banked --calling_convention=xdata_ree #
#                          ntrant --place_constants=data_rom                  #
#                          --nr_virtual_regs 16 -I E:\TexasInstruments\BLE-CC #
#                          254x-1.4.0\Projects\ble\SimpleBLEPeripheralzeke\CC #
#                          2541DB\..\..\common\ -I E:\TexasInstruments\BLE-CC #
#                          254x-1.4.0\Projects\ble\SimpleBLEPeripheralzeke\CC #
#                          2541DB\..\..\include\ -I                           #
#                          E:\TexasInstruments\BLE-CC254x-1.4.0\Projects\ble\ #
#                          SimpleBLEPeripheralzeke\CC2541DB\..\..\..\..\Compo #
#                          nents\hal\include\ -I E:\TexasInstruments\BLE-CC25 #
#                          4x-1.4.0\Projects\ble\SimpleBLEPeripheralzeke\CC25 #
#                          41DB\..\..\..\..\Components\hal\target\CC2541EB\   #
#                          -I E:\TexasInstruments\BLE-CC254x-1.4.0\Projects\b #
#                          le\SimpleBLEPeripheralzeke\CC2541DB\..\..\..\..\Co #
#                          mponents\osal\include\ -I                          #
#                          E:\TexasInstruments\BLE-CC254x-1.4.0\Projects\ble\ #
#                          SimpleBLEPeripheralzeke\CC2541DB\..\..\..\..\Compo #
#                          nents\services\saddr\ -I                           #
#                          E:\TexasInstruments\BLE-CC254x-1.4.0\Projects\ble\ #
#                          SimpleBLEPeripheralzeke\CC2541DB\..\..\..\..\Compo #
#                          nents\ble\include\ -I E:\TexasInstruments\BLE-CC25 #
#                          4x-1.4.0\Projects\ble\SimpleBLEPeripheralzeke\CC25 #
#                          41DB\..\..\..\..\Components\ble\controller\phy\    #
#                          -I E:\TexasInstruments\BLE-CC254x-1.4.0\Projects\b #
#                          le\SimpleBLEPeripheralzeke\CC2541DB\..\..\..\..\Co #
#                          mponents\ble\controller\include\ -I                #
#                          E:\TexasInstruments\BLE-CC254x-1.4.0\Projects\ble\ #
#                          SimpleBLEPeripheralzeke\CC2541DB\..\..\..\..\Compo #
#                          nents\ble\hci\ -I E:\TexasInstruments\BLE-CC254x-1 #
#                          .4.0\Projects\ble\SimpleBLEPeripheralzeke\CC2541DB #
#                          \..\..\..\..\Components\ble\host\ -I               #
#                          E:\TexasInstruments\BLE-CC254x-1.4.0\Projects\ble\ #
#                          SimpleBLEPeripheralzeke\CC2541DB\..\..\common\cc25 #
#                          40\ -I E:\TexasInstruments\BLE-CC254x-1.4.0\Projec #
#                          ts\ble\SimpleBLEPeripheralzeke\CC2541DB\..\..\comm #
#                          on\npi\npi_np\ -I E:\TexasInstruments\BLE-CC254x-1 #
#                          .4.0\Projects\ble\SimpleBLEPeripheralzeke\CC2541DB #
#                          \..\..\Profiles\Roles\ -I                          #
#                          E:\TexasInstruments\BLE-CC254x-1.4.0\Projects\ble\ #
#                          SimpleBLEPeripheralzeke\CC2541DB\..\..\Profiles\Si #
#                          mpleProfile\ -I E:\TexasInstruments\BLE-CC254x-1.4 #
#                          .0\Projects\ble\SimpleBLEPeripheralzeke\CC2541DB\. #
#                          .\..\Profiles\DevInfo\ -I                          #
#                          E:\TexasInstruments\BLE-CC254x-1.4.0\Projects\ble\ #
#                          SimpleBLEPeripheralzeke\CC2541DB\..\..\Profiles\Ba #
#                          tt\ -I E:\TexasInstruments\BLE-CC254x-1.4.0\Projec #
#                          ts\ble\SimpleBLEPeripheralzeke\CC2541DB\..\..\Prof #
#                          iles\HIDDev\ -Ohz                                  #
#    List file          =  E:\TexasInstruments\BLE-CC254x-1.4.0\Projects\ble\ #
#                          SimpleBLEPeripheralzeke\CC2541DB\CC2541\List\hal_a #
#                          t24c32.lst                                         #
#    Object file        =  E:\TexasInstruments\BLE-CC254x-1.4.0\Projects\ble\ #
#                          SimpleBLEPeripheralzeke\CC2541DB\CC2541\Obj\hal_at #
#                          24c32.r51                                          #
#                                                                             #
#                                                                             #
###############################################################################

E:\TexasInstruments\BLE-CC254x-1.4.0\Components\hal\target\CC2541EB\hal_at24c32.c
      1          #include "hal_at24c32.h"
      2          #include "hal_i2c.h"
      3          #include "hal_sensor.h"
      4          #include "hal_lcd.h"
      5          
      6          static void HalAT24C32Select(void);
      7          
      8          void HalAT24C32Write(uint16 addr, uint8 *pBuf, uint8 nBytes,uint8 NumToWrite) {
      9          	//bool success;
     10          	HalAT24C32Select();
     11          	//success = HalWriteReg( addr,  pBuf, nBytes, NumToWrite);//HalSensorWriteReg( addr, pBuf, nBytes,);//HalLongAddrSensorWriteReg(addr, pBuf, nBytes);// 
     12                  HalWriteReg( addr,  pBuf, nBytes, NumToWrite);
     13          	//return success;
     14          }
     15          
     16          void HalAT24C32Read(uint16 addr, uint8 *pBuf, uint8 nBytes,uint8 NumToRead) {
     17          	//bool success;
     18          	HalAT24C32Select();
     19          	// Read the sensor registers
     20          	//success = HalReadReg(addr,  pBuf, nBytes, NumToRead);// HalSensorReadReg( addr, pBuf, nBytes,);//HalLongAddrSensorReadReg(addr, pBuf, nBytes);
     21                   HalReadReg(addr,  pBuf, nBytes, NumToRead);
     22          	//return success;
     23          }
     24          
     25          static void HalAT24C32Select(void) {
     26          	// Select slave and set clock rate
     27          	HalI2CInit(0x50, i2cClock_267KHZ);
     28                 
     29          }

   Maximum stack usage in bytes:

   ISTACK PSTACK XSTACK Function
   ------ ------ ------ --------
       0      0     13  HalAT24C32Read
                          0 0 12 -> HalI2CInit
                          0 0 12 -> HalReadReg
       0      0     13  HalAT24C32Write
                          0 0 12 -> HalI2CInit
                          0 0 12 -> HalWriteReg


   Segment part sizes:

   Bytes  Function/Label
   -----  --------------
       6  ??HalAT24C32Read?relay
       6  ??HalAT24C32Write?relay
       5  ?Subroutine0
      43  HalAT24C32Read
      41  HalAT24C32Write

 
 89 bytes in segment BANKED_CODE
 12 bytes in segment BANK_RELAYS
 
 101 bytes of CODE memory

Errors: none
Warnings: 1
