###############################################################################
#                                                                             #
# IAR C/C++ Compiler V8.20.2.41139 for 8051             26/Feb/2014  14:53:19 #
# Copyright 2004-2013 IAR Systems AB.                                         #
#                                                                             #
#    Core               =  plain                                              #
#    Code model         =  banked                                             #
#    Data model         =  large                                              #
#    Calling convention =  xdata reentrant                                    #
#    Constant location  =  data_rom                                           #
#    Dptr setup         =  1,16                                               #
#                                                                             #
#    Source file        =  E:\TexasInstruments\BLE-CC254x-1.4.0\Components\ha #
#                          l\target\CC2540EB\hal_crc.c                        #
#    Command line       =  -f E:\TexasInstruments\BLE-CC254x-1.4.0\Projects\b #
#                          le\SimpleBLEPeripheralzeke\CC2541DB\..\..\config\b #
#                          uildComponents.cfg (-DBROADCASTER_CFG=0x01         #
#                          -DOBSERVER_CFG=0x02 -DPERIPHERAL_CFG=0x04          #
#                          -DCENTRAL_CFG=0x08 -DADV_NCONN_CFG=0x01            #
#                          -DADV_CONN_CFG=0x02 -DSCAN_CFG=0x04                #
#                          -DINIT_CFG=0x08 -DADV_CFG=ADV_NCONN_CFG+ADV_CONN_C #
#                          FG -DLINK_CFG=ADV_CONN_CFG+INIT_CFG                #
#                          -DFULL_CFG=INIT_CFG+SCAN_CFG+ADV_NCONN_CFG+ADV_CON #
#                          N_CFG) -f E:\TexasInstruments\BLE-CC254x-1.4.0\Pro #
#                          jects\ble\SimpleBLEPeripheralzeke\CC2541DB\buildCo #
#                          nfig.cfg (-DHOST_CONFIG=PERIPHERAL_CFG             #
#                          -DGAP_PRIVACY_RECONNECT -DCC2541                   #
#                          -DOAD_IMAGE_VERSION=0x0000                         #
#                          "-DOAD_IMAGE_A_USER_ID='A', 'A', 'A', 'A'"         #
#                          "-DOAD_IMAGE_B_USER_ID='B', 'B', 'B', 'B'")        #
#                          E:\TexasInstruments\BLE-CC254x-1.4.0\Components\ha #
#                          l\target\CC2540EB\hal_crc.c -D INT_HEAP_LEN=3074   #
#                          -D HALNODEBUG -D OSAL_CBTIMER_NUM_TASKS=1 -D       #
#                          HAL_AES_DMA=TRUE -D HAL_DMA=TRUE -D POWER_SAVING   #
#                          -D xPLUS_BROADCASTER -D HAL_LCD=TRUE -D            #
#                          HAL_LED=TRUE -D HAL_UART=TRUE -lcN                 #
#                          E:\TexasInstruments\BLE-CC254x-1.4.0\Projects\ble\ #
#                          SimpleBLEPeripheralzeke\CC2541DB\CC2541\List\ -o   #
#                          E:\TexasInstruments\BLE-CC254x-1.4.0\Projects\ble\ #
#                          SimpleBLEPeripheralzeke\CC2541DB\CC2541\Obj\ -e    #
#                          --debug --core=plain --dptr=16,1                   #
#                          --data_model=large --code_model=banked             #
#                          --calling_convention=xdata_reentrant               #
#                          --place_constants=data_rom --nr_virtual_regs 16    #
#                          -I E:\TexasInstruments\BLE-CC254x-1.4.0\Projects\b #
#                          le\SimpleBLEPeripheralzeke\CC2541DB\..\..\common\  #
#                          -I E:\TexasInstruments\BLE-CC254x-1.4.0\Projects\b #
#                          le\SimpleBLEPeripheralzeke\CC2541DB\..\..\include\ #
#                           -I E:\TexasInstruments\BLE-CC254x-1.4.0\Projects\ #
#                          ble\SimpleBLEPeripheralzeke\CC2541DB\..\..\..\..\C #
#                          omponents\hal\include\ -I                          #
#                          E:\TexasInstruments\BLE-CC254x-1.4.0\Projects\ble\ #
#                          SimpleBLEPeripheralzeke\CC2541DB\..\..\..\..\Compo #
#                          nents\hal\target\CC2541EB\ -I                      #
#                          E:\TexasInstruments\BLE-CC254x-1.4.0\Projects\ble\ #
#                          SimpleBLEPeripheralzeke\CC2541DB\..\..\..\..\Compo #
#                          nents\osal\include\ -I E:\TexasInstruments\BLE-CC2 #
#                          54x-1.4.0\Projects\ble\SimpleBLEPeripheralzeke\CC2 #
#                          541DB\..\..\..\..\Components\services\saddr\ -I    #
#                          E:\TexasInstruments\BLE-CC254x-1.4.0\Projects\ble\ #
#                          SimpleBLEPeripheralzeke\CC2541DB\..\..\..\..\Compo #
#                          nents\ble\include\ -I E:\TexasInstruments\BLE-CC25 #
#                          4x-1.4.0\Projects\ble\SimpleBLEPeripheralzeke\CC25 #
#                          41DB\..\..\..\..\Components\ble\controller\phy\    #
#                          -I E:\TexasInstruments\BLE-CC254x-1.4.0\Projects\b #
#                          le\SimpleBLEPeripheralzeke\CC2541DB\..\..\..\..\Co #
#                          mponents\ble\controller\include\ -I                #
#                          E:\TexasInstruments\BLE-CC254x-1.4.0\Projects\ble\ #
#                          SimpleBLEPeripheralzeke\CC2541DB\..\..\..\..\Compo #
#                          nents\ble\hci\ -I E:\TexasInstruments\BLE-CC254x-1 #
#                          .4.0\Projects\ble\SimpleBLEPeripheralzeke\CC2541DB #
#                          \..\..\..\..\Components\ble\host\ -I               #
#                          E:\TexasInstruments\BLE-CC254x-1.4.0\Projects\ble\ #
#                          SimpleBLEPeripheralzeke\CC2541DB\..\..\common\cc25 #
#                          40\ -I E:\TexasInstruments\BLE-CC254x-1.4.0\Projec #
#                          ts\ble\SimpleBLEPeripheralzeke\CC2541DB\..\..\comm #
#                          on\npi\npi_np\ -I E:\TexasInstruments\BLE-CC254x-1 #
#                          .4.0\Projects\ble\SimpleBLEPeripheralzeke\CC2541DB #
#                          \..\..\Profiles\Roles\ -I                          #
#                          E:\TexasInstruments\BLE-CC254x-1.4.0\Projects\ble\ #
#                          SimpleBLEPeripheralzeke\CC2541DB\..\..\Profiles\Si #
#                          mpleProfile\ -I E:\TexasInstruments\BLE-CC254x-1.4 #
#                          .0\Projects\ble\SimpleBLEPeripheralzeke\CC2541DB\. #
#                          .\..\Profiles\DevInfo\ -Ohz                        #
#    List file          =  E:\TexasInstruments\BLE-CC254x-1.4.0\Projects\ble\ #
#                          SimpleBLEPeripheralzeke\CC2541DB\CC2541\List\hal_c #
#                          rc.lst                                             #
#    Object file        =  E:\TexasInstruments\BLE-CC254x-1.4.0\Projects\ble\ #
#                          SimpleBLEPeripheralzeke\CC2541DB\CC2541\Obj\hal_cr #
#                          c.r51                                              #
#                                                                             #
#                                                                             #
###############################################################################

E:\TexasInstruments\BLE-CC254x-1.4.0\Components\hal\target\CC2540EB\hal_crc.c
      1          /**************************************************************************************************
      2            Filename:       _hal_crc.c
      3            Revised:        $Date: 2012-12-04 18:36:53 -0800 (Tue, 04 Dec 2012) $
      4            Revision:       $Revision: 32433 $
      5          
      6            Description: This file defines the interface to the H/W CRC driver by LFSR.
      7          
      8          
      9            Copyright 2012 Texas Instruments Incorporated. All rights reserved.
     10          
     11            IMPORTANT: Your use of this Software is limited to those specific rights
     12            granted under the terms of a software license agreement between the user
     13            who downloaded the software, his/her employer (which must be your employer)
     14            and Texas Instruments Incorporated (the "License").  You may not use this
     15            Software unless you agree to abide by the terms of the License. The License
     16            limits your use, and you acknowledge, that the Software may not be modified,
     17            copied or distributed unless embedded on a Texas Instruments microcontroller
     18            or used solely and exclusively in conjunction with a Texas Instruments radio
     19            frequency transceiver, which is integrated into your product.  Other than for
     20            the foregoing purpose, you may not use, reproduce, copy, prepare derivative
     21            works of, modify, distribute, perform, display or sell this Software and/or
     22            its documentation for any purpose.
     23          
     24            YOU FURTHER ACKNOWLEDGE AND AGREE THAT THE SOFTWARE AND DOCUMENTATION ARE
     25            PROVIDED “AS IS” WITHOUT WARRANTY OF ANY KIND, EITHER EXPRESS OR IMPLIED,
     26            INCLUDING WITHOUT LIMITATION, ANY WARRANTY OF MERCHANTABILITY, TITLE,
     27            NON-INFRINGEMENT AND FITNESS FOR A PARTICULAR PURPOSE. IN NO EVENT SHALL
     28            TEXAS INSTRUMENTS OR ITS LICENSORS BE LIABLE OR OBLIGATED UNDER CONTRACT,
     29            NEGLIGENCE, STRICT LIABILITY, CONTRIBUTION, BREACH OF WARRANTY, OR OTHER
     30            LEGAL EQUITABLE THEORY ANY DIRECT OR INDIRECT DAMAGES OR EXPENSES
     31            INCLUDING BUT NOT LIMITED TO ANY INCIDENTAL, SPECIAL, INDIRECT, PUNITIVE
     32            OR CONSEQUENTIAL DAMAGES, LOST PROFITS OR LOST DATA, COST OF PROCUREMENT
     33            OF SUBSTITUTE GOODS, TECHNOLOGY, SERVICES, OR ANY CLAIMS BY THIRD PARTIES
     34            (INCLUDING BUT NOT LIMITED TO ANY DEFENSE THEREOF), OR OTHER SIMILAR COSTS.
     35          
     36            Should you have any questions regarding your right to use this Software,
     37            contact Texas Instruments Incorporated at www.TI.com.
     38          **************************************************************************************************/
     39          
     40          /* ------------------------------------------------------------------------------------------------
     41           *                                          Includes
     42           * ------------------------------------------------------------------------------------------------
     43           */
     44          
     45          #include "hal_board.h"
     46          #include "hal_crc.h"
     47          #include "hal_types.h"
     48          
     49          /**************************************************************************************************
     50           * @fn          HalCRCCalc
     51           *
     52           * @brief       Calculate the H/W CRC result.
     53           *
     54           * input parameters
     55           *
     56           * None.
     57           *
     58           * output parameters
     59           *
     60           * None.
     61           *
     62           * @return      The H/W CRC result.
     63           */
     64          uint16 HalCRCCalc(void)
     65          {
     66            uint16 crc = RNDH;
     67            crc = (crc << 8) | RNDL;
     68          
     69            return crc;
     70          }
     71          
     72          /**************************************************************************************************
     73           * @fn          HalCRCExec
     74           *
     75           * @brief       Execute the H/W CRC calculation on the input byte.
     76           *
     77           * input parameters
     78           *
     79           * @param       ch - The byte on which to execute the H/W CRC calculation.
     80           *
     81           * output parameters
     82           *
     83           * None.
     84           *
     85           * @return      None.
     86           */
     87          void HalCRCExec(uint8 ch)
     88          {
     89            RNDH = ch;
     90          }
     91          
     92          /**************************************************************************************************
     93           * @fn          HalCRCInit
     94           *
     95           * @brief       Initialize the H/W for a new CRC calculation.
     96           *
     97           * input parameters
     98           *
     99           * @param       seed - The CRC seed.
    100           *
    101           * output parameters
    102           *
    103           * None.
    104           *
    105           * @return      None.
    106           */
    107          void HalCRCInit(uint16 seed)
    108          {
    109            ADCCON1 &= 0xF3;  // CRC configuration of LRSR.
    110          
    111            RNDL = HI_UINT16(seed);
    112            RNDL = LO_UINT16(seed);
    113          }
    114          
    115          /**************************************************************************************************
    116          */

   Maximum stack usage in bytes:

   ISTACK PSTACK XSTACK Function
   ------ ------ ------ --------
       0      0      0  HalCRCCalc
       0      0      0  HalCRCExec
       0      0      0  HalCRCInit


   Segment part sizes:

   Bytes  Function/Label
   -----  --------------
       6  ??HalCRCCalc?relay
       6  ??HalCRCExec?relay
       6  ??HalCRCInit?relay
       1  ADCCON1
      11  HalCRCCalc
       5  HalCRCExec
      12  HalCRCInit
       1  RNDH
       1  RNDL

 
 28 bytes in segment BANKED_CODE
 18 bytes in segment BANK_RELAYS
  3 bytes in segment SFR_AN
 
 46 bytes of CODE memory
  0 bytes of DATA memory (+ 3 bytes shared)

Errors: none
Warnings: none
