###############################################################################
#                                                                             #
# IAR C/C++ Compiler V8.20.2.41139 for 8051             25/Feb/2014  11:52:15 #
# Copyright 2004-2013 IAR Systems AB.                                         #
#                                                                             #
#    Core               =  plain                                              #
#    Code model         =  banked                                             #
#    Data model         =  large                                              #
#    Calling convention =  xdata reentrant                                    #
#    Constant location  =  data_rom                                           #
#    Dptr setup         =  1,16                                               #
#                                                                             #
#    Source file        =  E:\TexasInstruments\BLE-CC254x-1.4.0\Projects\ble\ #
#                          SimpleBLEPeripheralzeke\Source\OSAL_SimpleBLEPerip #
#                          heral.c                                            #
#    Command line       =  -f E:\TexasInstruments\BLE-CC254x-1.4.0\Projects\b #
#                          le\SimpleBLEPeripheralzeke\CC2541DB\..\..\config\b #
#                          uildComponents.cfg (-DBROADCASTER_CFG=0x01         #
#                          -DOBSERVER_CFG=0x02 -DPERIPHERAL_CFG=0x04          #
#                          -DCENTRAL_CFG=0x08 -DADV_NCONN_CFG=0x01            #
#                          -DADV_CONN_CFG=0x02 -DSCAN_CFG=0x04                #
#                          -DINIT_CFG=0x08 -DADV_CFG=ADV_NCONN_CFG+ADV_CONN_C #
#                          FG -DLINK_CFG=ADV_CONN_CFG+INIT_CFG                #
#                          -DFULL_CFG=INIT_CFG+SCAN_CFG+ADV_NCONN_CFG+ADV_CON #
#                          N_CFG) -f E:\TexasInstruments\BLE-CC254x-1.4.0\Pro #
#                          jects\ble\SimpleBLEPeripheralzeke\CC2541DB\buildCo #
#                          nfig.cfg (-DHOST_CONFIG=PERIPHERAL_CFG             #
#                          -DGAP_PRIVACY_RECONNECT -DCC2541                   #
#                          -DOAD_IMAGE_VERSION=0x0000                         #
#                          "-DOAD_IMAGE_A_USER_ID='A', 'A', 'A', 'A'"         #
#                          "-DOAD_IMAGE_B_USER_ID='B', 'B', 'B', 'B'")        #
#                          E:\TexasInstruments\BLE-CC254x-1.4.0\Projects\ble\ #
#                          SimpleBLEPeripheralzeke\Source\OSAL_SimpleBLEPerip #
#                          heral.c -D INT_HEAP_LEN=3074 -D HALNODEBUG -D      #
#                          OSAL_CBTIMER_NUM_TASKS=1 -D HAL_AES_DMA=TRUE -D    #
#                          HAL_DMA=TRUE -D POWER_SAVING -D xPLUS_BROADCASTER  #
#                          -D HAL_LCD=TRUE -D HAL_LED=TRUE -D HAL_UART=TRUE   #
#                          -lcN E:\TexasInstruments\BLE-CC254x-1.4.0\Projects #
#                          \ble\SimpleBLEPeripheralzeke\CC2541DB\CC2541\List\ #
#                           -o E:\TexasInstruments\BLE-CC254x-1.4.0\Projects\ #
#                          ble\SimpleBLEPeripheralzeke\CC2541DB\CC2541\Obj\   #
#                          -e --debug --core=plain --dptr=16,1                #
#                          --data_model=large --code_model=banked             #
#                          --calling_convention=xdata_reentrant               #
#                          --place_constants=data_rom --nr_virtual_regs 16    #
#                          -I E:\TexasInstruments\BLE-CC254x-1.4.0\Projects\b #
#                          le\SimpleBLEPeripheralzeke\CC2541DB\..\..\common\  #
#                          -I E:\TexasInstruments\BLE-CC254x-1.4.0\Projects\b #
#                          le\SimpleBLEPeripheralzeke\CC2541DB\..\..\include\ #
#                           -I E:\TexasInstruments\BLE-CC254x-1.4.0\Projects\ #
#                          ble\SimpleBLEPeripheralzeke\CC2541DB\..\..\..\..\C #
#                          omponents\hal\include\ -I                          #
#                          E:\TexasInstruments\BLE-CC254x-1.4.0\Projects\ble\ #
#                          SimpleBLEPeripheralzeke\CC2541DB\..\..\..\..\Compo #
#                          nents\hal\target\CC2541EB\ -I                      #
#                          E:\TexasInstruments\BLE-CC254x-1.4.0\Projects\ble\ #
#                          SimpleBLEPeripheralzeke\CC2541DB\..\..\..\..\Compo #
#                          nents\osal\include\ -I E:\TexasInstruments\BLE-CC2 #
#                          54x-1.4.0\Projects\ble\SimpleBLEPeripheralzeke\CC2 #
#                          541DB\..\..\..\..\Components\services\saddr\ -I    #
#                          E:\TexasInstruments\BLE-CC254x-1.4.0\Projects\ble\ #
#                          SimpleBLEPeripheralzeke\CC2541DB\..\..\..\..\Compo #
#                          nents\ble\include\ -I E:\TexasInstruments\BLE-CC25 #
#                          4x-1.4.0\Projects\ble\SimpleBLEPeripheralzeke\CC25 #
#                          41DB\..\..\..\..\Components\ble\controller\phy\    #
#                          -I E:\TexasInstruments\BLE-CC254x-1.4.0\Projects\b #
#                          le\SimpleBLEPeripheralzeke\CC2541DB\..\..\..\..\Co #
#                          mponents\ble\controller\include\ -I                #
#                          E:\TexasInstruments\BLE-CC254x-1.4.0\Projects\ble\ #
#                          SimpleBLEPeripheralzeke\CC2541DB\..\..\..\..\Compo #
#                          nents\ble\hci\ -I E:\TexasInstruments\BLE-CC254x-1 #
#                          .4.0\Projects\ble\SimpleBLEPeripheralzeke\CC2541DB #
#                          \..\..\..\..\Components\ble\host\ -I               #
#                          E:\TexasInstruments\BLE-CC254x-1.4.0\Projects\ble\ #
#                          SimpleBLEPeripheralzeke\CC2541DB\..\..\common\cc25 #
#                          40\ -I E:\TexasInstruments\BLE-CC254x-1.4.0\Projec #
#                          ts\ble\SimpleBLEPeripheralzeke\CC2541DB\..\..\comm #
#                          on\npi\npi_np\ -I E:\TexasInstruments\BLE-CC254x-1 #
#                          .4.0\Projects\ble\SimpleBLEPeripheralzeke\CC2541DB #
#                          \..\..\Profiles\Roles\ -I                          #
#                          E:\TexasInstruments\BLE-CC254x-1.4.0\Projects\ble\ #
#                          SimpleBLEPeripheralzeke\CC2541DB\..\..\Profiles\Si #
#                          mpleProfile\ -I E:\TexasInstruments\BLE-CC254x-1.4 #
#                          .0\Projects\ble\SimpleBLEPeripheralzeke\CC2541DB\. #
#                          .\..\Profiles\DevInfo\ -Ohz                        #
#    List file          =  E:\TexasInstruments\BLE-CC254x-1.4.0\Projects\ble\ #
#                          SimpleBLEPeripheralzeke\CC2541DB\CC2541\List\OSAL_ #
#                          SimpleBLEPeripheral.lst                            #
#    Object file        =  E:\TexasInstruments\BLE-CC254x-1.4.0\Projects\ble\ #
#                          SimpleBLEPeripheralzeke\CC2541DB\CC2541\Obj\OSAL_S #
#                          impleBLEPeripheral.r51                             #
#                                                                             #
#                                                                             #
###############################################################################

E:\TexasInstruments\BLE-CC254x-1.4.0\Projects\ble\SimpleBLEPeripheralzeke\Source\OSAL_SimpleBLEPeripheral.c
      1          /**************************************************************************************************
      2            Filename:       OSAL_SimpleBLEPeripheral.c
      3            Revised:        $Date: 2010-08-01 14:02:20 -0700 (Sun, 01 Aug 2010) $
      4            Revision:       $Revision: 23255 $
      5          
      6            Description:    This file contains function that allows user setup tasks
      7          
      8          
      9            Copyright 2010 - 2011 Texas Instruments Incorporated. All rights reserved.
     10          
     11            IMPORTANT: Your use of this Software is limited to those specific rights
     12            granted under the terms of a software license agreement between the user
     13            who downloaded the software, his/her employer (which must be your employer)
     14            and Texas Instruments Incorporated (the "License").  You may not use this
     15            Software unless you agree to abide by the terms of the License. The License
     16            limits your use, and you acknowledge, that the Software may not be modified,
     17            copied or distributed unless embedded on a Texas Instruments microcontroller
     18            or used solely and exclusively in conjunction with a Texas Instruments radio
     19            frequency transceiver, which is integrated into your product.  Other than for
     20            the foregoing purpose, you may not use, reproduce, copy, prepare derivative
     21            works of, modify, distribute, perform, display or sell this Software and/or
     22            its documentation for any purpose.
     23          
     24            YOU FURTHER ACKNOWLEDGE AND AGREE THAT THE SOFTWARE AND DOCUMENTATION ARE
     25            PROVIDED “AS IS" WITHOUT WARRANTY OF ANY KIND, EITHER EXPRESS OR IMPLIED,
     26            INCLUDING WITHOUT LIMITATION, ANY WARRANTY OF MERCHANTABILITY, TITLE,
     27            NON-INFRINGEMENT AND FITNESS FOR A PARTICULAR PURPOSE. IN NO EVENT SHALL
     28            TEXAS INSTRUMENTS OR ITS LICENSORS BE LIABLE OR OBLIGATED UNDER CONTRACT,
     29            NEGLIGENCE, STRICT LIABILITY, CONTRIBUTION, BREACH OF WARRANTY, OR OTHER
     30            LEGAL EQUITABLE THEORY ANY DIRECT OR INDIRECT DAMAGES OR EXPENSES
     31            INCLUDING BUT NOT LIMITED TO ANY INCIDENTAL, SPECIAL, INDIRECT, PUNITIVE
     32            OR CONSEQUENTIAL DAMAGES, LOST PROFITS OR LOST DATA, COST OF PROCUREMENT
     33            OF SUBSTITUTE GOODS, TECHNOLOGY, SERVICES, OR ANY CLAIMS BY THIRD PARTIES
     34            (INCLUDING BUT NOT LIMITED TO ANY DEFENSE THEREOF), OR OTHER SIMILAR COSTS.
     35          
     36            Should you have any questions regarding your right to use this Software,
     37            contact Texas Instruments Incorporated at www.TI.com.
     38          **************************************************************************************************/
     39          
     40          /**************************************************************************************************
     41           *                                            INCLUDES
     42           **************************************************************************************************/
     43          #include "hal_types.h"
     44          #include "OSAL.h"
     45          #include "OSAL_Tasks.h"
     46          
     47          /* HAL */
     48          #include "hal_drivers.h"
     49          
     50          /* LL */
     51          #include "ll.h"
     52          
     53          /* HCI */
     54          #include "hci_tl.h"
     55          
     56          #if defined ( OSAL_CBTIMER_NUM_TASKS )
     57            #include "osal_cbTimer.h"
     58          #endif
     59          
     60          /* L2CAP */
     61          #include "l2cap.h"
     62          
     63          /* gap */
     64          #include "gap.h"
     65          #include "gapgattserver.h"
     66          #include "gapbondmgr.h"
     67          
     68          /* GATT */
     69          #include "gatt.h"
     70          
     71          #include "gattservapp.h"
     72          
     73          /* Profiles */
     74          #if defined ( PLUS_BROADCASTER )
     75            #include "peripheralBroadcaster.h"
     76          #else
     77            #include "peripheral.h"
     78          #endif
     79          
     80          /* Application */
     81          #include "simpleBLEPeripheral.h"
     82          
     83          /*********************************************************************
     84           * GLOBAL VARIABLES
     85           */
     86          
     87          // The order in this table must be identical to the task initialization calls below in osalInitTask.
     88          const pTaskEventHandlerFn tasksArr[] =
     89          {
     90            LL_ProcessEvent,                                                  // task 0
     91            Hal_ProcessEvent,                                                 // task 1
     92            HCI_ProcessEvent,                                                 // task 2
     93          #if defined ( OSAL_CBTIMER_NUM_TASKS )
     94            OSAL_CBTIMER_PROCESS_EVENT( osal_CbTimerProcessEvent ),           // task 3
     95          #endif
     96            L2CAP_ProcessEvent,                                               // task 4
     97            GAP_ProcessEvent,                                                 // task 5
     98            GATT_ProcessEvent,                                                // task 6
     99            SM_ProcessEvent,                                                  // task 7
    100            GAPRole_ProcessEvent,                                             // task 8
    101            GAPBondMgr_ProcessEvent,                                          // task 9
    102            GATTServApp_ProcessEvent,                                         // task 10
    103            SimpleBLEPeripheral_ProcessEvent                                  // task 11
    104          };
    105          
    106          const uint8 tasksCnt = sizeof( tasksArr ) / sizeof( tasksArr[0] );
    107          uint16 *tasksEvents;
    108          
    109          /*********************************************************************
    110           * FUNCTIONS
    111           *********************************************************************/
    112          
    113          /*********************************************************************
    114           * @fn      osalInitTasks
    115           *
    116           * @brief   This function invokes the initialization function for each task.
    117           *
    118           * @param   void
    119           *
    120           * @return  none
    121           */
    122          void osalInitTasks( void )
    123          {
    124            uint8 taskID = 0;
    125          
    126            tasksEvents = (uint16 *)osal_mem_alloc( sizeof( uint16 ) * tasksCnt);
    127            osal_memset( tasksEvents, 0, (sizeof( uint16 ) * tasksCnt));
    128          
    129            /* LL Task */
    130            LL_Init( taskID++ );
    131          
    132            /* Hal Task */
    133            Hal_Init( taskID++ );
    134          
    135            /* HCI Task */
    136            HCI_Init( taskID++ );
    137          
    138          #if defined ( OSAL_CBTIMER_NUM_TASKS )
    139            /* Callback Timer Tasks */
    140            osal_CbTimerInit( taskID );
    141            taskID += OSAL_CBTIMER_NUM_TASKS;
    142          #endif
    143          
    144            /* L2CAP Task */
    145            L2CAP_Init( taskID++ );
    146          
    147            /* GAP Task */
    148            GAP_Init( taskID++ );
    149          
    150            /* GATT Task */
    151            GATT_Init( taskID++ );
    152          
    153            /* SM Task */
    154            SM_Init( taskID++ );
    155          
    156            /* Profiles */
    157            GAPRole_Init( taskID++ );
    158            GAPBondMgr_Init( taskID++ );
    159          
    160            GATTServApp_Init( taskID++ );
    161          
    162            /* Application */
    163            SimpleBLEPeripheral_Init( taskID );
    164          }
    165          
    166          /*********************************************************************
    167          *********************************************************************/

   Maximum stack usage in bytes:

   ISTACK PSTACK XSTACK Function
   ------ ------ ------ --------
       2      0      0  osalInitTasks
                          2 0 0 -> GAPBondMgr_Init
                          2 0 0 -> GAPRole_Init
                          2 0 0 -> GAP_Init
                          2 0 0 -> GATTServApp_Init
                          2 0 0 -> GATT_Init
                          2 0 0 -> HCI_Init
                          2 0 0 -> Hal_Init
                          2 0 0 -> L2CAP_Init
                          2 0 0 -> LL_Init
                          2 0 0 -> SM_Init
                          2 0 0 -> SimpleBLEPeripheral_Init
                          2 0 0 -> osal_CbTimerInit
                          2 0 0 -> osal_mem_alloc
                          2 0 0 -> osal_memset


   Segment part sizes:

   Bytes  Function/Label
   -----  --------------
       6  ??osalInitTasks?relay
      95  osalInitTasks
      24  tasksArr
       1  tasksCnt
       2  tasksEvents

 
 95 bytes in segment BANKED_CODE
  6 bytes in segment BANK_RELAYS
 25 bytes in segment XDATA_ROM_C
  2 bytes in segment XDATA_Z
 
 101 bytes of CODE  memory
  25 bytes of CONST memory
   2 bytes of XDATA memory

Errors: none
Warnings: 1
