###############################################################################
#                                                                             #
# IAR C/C++ Compiler V8.20.2.41139 for 8051             26/Feb/2014  14:53:17 #
# Copyright 2004-2013 IAR Systems AB.                                         #
#                                                                             #
#    Core               =  plain                                              #
#    Code model         =  banked                                             #
#    Data model         =  large                                              #
#    Calling convention =  xdata reentrant                                    #
#    Constant location  =  data_rom                                           #
#    Dptr setup         =  1,16                                               #
#                                                                             #
#    Source file        =  E:\TexasInstruments\BLE-CC254x-1.4.0\Projects\ble\ #
#                          SimpleBLEPeripheralzeke\Source\SimpleEepromUtils.c #
#    Command line       =  -f E:\TexasInstruments\BLE-CC254x-1.4.0\Projects\b #
#                          le\SimpleBLEPeripheralzeke\CC2541DB\..\..\config\b #
#                          uildComponents.cfg (-DBROADCASTER_CFG=0x01         #
#                          -DOBSERVER_CFG=0x02 -DPERIPHERAL_CFG=0x04          #
#                          -DCENTRAL_CFG=0x08 -DADV_NCONN_CFG=0x01            #
#                          -DADV_CONN_CFG=0x02 -DSCAN_CFG=0x04                #
#                          -DINIT_CFG=0x08 -DADV_CFG=ADV_NCONN_CFG+ADV_CONN_C #
#                          FG -DLINK_CFG=ADV_CONN_CFG+INIT_CFG                #
#                          -DFULL_CFG=INIT_CFG+SCAN_CFG+ADV_NCONN_CFG+ADV_CON #
#                          N_CFG) -f E:\TexasInstruments\BLE-CC254x-1.4.0\Pro #
#                          jects\ble\SimpleBLEPeripheralzeke\CC2541DB\buildCo #
#                          nfig.cfg (-DHOST_CONFIG=PERIPHERAL_CFG             #
#                          -DGAP_PRIVACY_RECONNECT -DCC2541                   #
#                          -DOAD_IMAGE_VERSION=0x0000                         #
#                          "-DOAD_IMAGE_A_USER_ID='A', 'A', 'A', 'A'"         #
#                          "-DOAD_IMAGE_B_USER_ID='B', 'B', 'B', 'B'")        #
#                          E:\TexasInstruments\BLE-CC254x-1.4.0\Projects\ble\ #
#                          SimpleBLEPeripheralzeke\Source\SimpleEepromUtils.c #
#                           -D INT_HEAP_LEN=3074 -D HALNODEBUG -D             #
#                          OSAL_CBTIMER_NUM_TASKS=1 -D HAL_AES_DMA=TRUE -D    #
#                          HAL_DMA=TRUE -D POWER_SAVING -D xPLUS_BROADCASTER  #
#                          -D HAL_LCD=TRUE -D HAL_LED=TRUE -D HAL_UART=TRUE   #
#                          -lcN E:\TexasInstruments\BLE-CC254x-1.4.0\Projects #
#                          \ble\SimpleBLEPeripheralzeke\CC2541DB\CC2541\List\ #
#                           -o E:\TexasInstruments\BLE-CC254x-1.4.0\Projects\ #
#                          ble\SimpleBLEPeripheralzeke\CC2541DB\CC2541\Obj\   #
#                          -e --debug --core=plain --dptr=16,1                #
#                          --data_model=large --code_model=banked             #
#                          --calling_convention=xdata_reentrant               #
#                          --place_constants=data_rom --nr_virtual_regs 16    #
#                          -I E:\TexasInstruments\BLE-CC254x-1.4.0\Projects\b #
#                          le\SimpleBLEPeripheralzeke\CC2541DB\..\..\common\  #
#                          -I E:\TexasInstruments\BLE-CC254x-1.4.0\Projects\b #
#                          le\SimpleBLEPeripheralzeke\CC2541DB\..\..\include\ #
#                           -I E:\TexasInstruments\BLE-CC254x-1.4.0\Projects\ #
#                          ble\SimpleBLEPeripheralzeke\CC2541DB\..\..\..\..\C #
#                          omponents\hal\include\ -I                          #
#                          E:\TexasInstruments\BLE-CC254x-1.4.0\Projects\ble\ #
#                          SimpleBLEPeripheralzeke\CC2541DB\..\..\..\..\Compo #
#                          nents\hal\target\CC2541EB\ -I                      #
#                          E:\TexasInstruments\BLE-CC254x-1.4.0\Projects\ble\ #
#                          SimpleBLEPeripheralzeke\CC2541DB\..\..\..\..\Compo #
#                          nents\osal\include\ -I E:\TexasInstruments\BLE-CC2 #
#                          54x-1.4.0\Projects\ble\SimpleBLEPeripheralzeke\CC2 #
#                          541DB\..\..\..\..\Components\services\saddr\ -I    #
#                          E:\TexasInstruments\BLE-CC254x-1.4.0\Projects\ble\ #
#                          SimpleBLEPeripheralzeke\CC2541DB\..\..\..\..\Compo #
#                          nents\ble\include\ -I E:\TexasInstruments\BLE-CC25 #
#                          4x-1.4.0\Projects\ble\SimpleBLEPeripheralzeke\CC25 #
#                          41DB\..\..\..\..\Components\ble\controller\phy\    #
#                          -I E:\TexasInstruments\BLE-CC254x-1.4.0\Projects\b #
#                          le\SimpleBLEPeripheralzeke\CC2541DB\..\..\..\..\Co #
#                          mponents\ble\controller\include\ -I                #
#                          E:\TexasInstruments\BLE-CC254x-1.4.0\Projects\ble\ #
#                          SimpleBLEPeripheralzeke\CC2541DB\..\..\..\..\Compo #
#                          nents\ble\hci\ -I E:\TexasInstruments\BLE-CC254x-1 #
#                          .4.0\Projects\ble\SimpleBLEPeripheralzeke\CC2541DB #
#                          \..\..\..\..\Components\ble\host\ -I               #
#                          E:\TexasInstruments\BLE-CC254x-1.4.0\Projects\ble\ #
#                          SimpleBLEPeripheralzeke\CC2541DB\..\..\common\cc25 #
#                          40\ -I E:\TexasInstruments\BLE-CC254x-1.4.0\Projec #
#                          ts\ble\SimpleBLEPeripheralzeke\CC2541DB\..\..\comm #
#                          on\npi\npi_np\ -I E:\TexasInstruments\BLE-CC254x-1 #
#                          .4.0\Projects\ble\SimpleBLEPeripheralzeke\CC2541DB #
#                          \..\..\Profiles\Roles\ -I                          #
#                          E:\TexasInstruments\BLE-CC254x-1.4.0\Projects\ble\ #
#                          SimpleBLEPeripheralzeke\CC2541DB\..\..\Profiles\Si #
#                          mpleProfile\ -I E:\TexasInstruments\BLE-CC254x-1.4 #
#                          .0\Projects\ble\SimpleBLEPeripheralzeke\CC2541DB\. #
#                          .\..\Profiles\DevInfo\ -Ohz                        #
#    List file          =  E:\TexasInstruments\BLE-CC254x-1.4.0\Projects\ble\ #
#                          SimpleBLEPeripheralzeke\CC2541DB\CC2541\List\Simpl #
#                          eEepromUtils.lst                                   #
#    Object file        =  E:\TexasInstruments\BLE-CC254x-1.4.0\Projects\ble\ #
#                          SimpleBLEPeripheralzeke\CC2541DB\CC2541\Obj\Simple #
#                          EepromUtils.r51                                    #
#                                                                             #
#                                                                             #
###############################################################################

E:\TexasInstruments\BLE-CC254x-1.4.0\Projects\ble\SimpleBLEPeripheralzeke\Source\SimpleEepromUtils.c
      1          /*
      2           * SimpleEepromUtils.c
      3           *
      4           *  Created on: 2014-1-15
      5           *      Author: zekezang
      6           */
      7          
      8          #include "SimpleEepromUtils.h"
      9          #include "hal_eeprom.h"
     10          
     11          bool StructSizeSave(uint8 size) {
     12          	Hal_HW_WaitUs(1000);
     13          	return HalEepromWrite(StructSizeIICAddr, &size, 1);;
     14          }
     15          
     16          void StructSizeRead(uint8 *size){
     17          	Hal_HW_WaitUs(1000);
     18          	HalEepromRead(StructSizeIICAddr, size, 1);
     19          }

   Maximum stack usage in bytes:

   ISTACK PSTACK XSTACK Function
   ------ ------ ------ --------
       0      0      9  StructSizeRead
                          0 0 9 -> HalEepromRead
                          0 0 9 -> Hal_HW_WaitUs
       3      0      1  StructSizeSave
                          2 0 1 -> HalEepromWrite
                          2 0 1 -> Hal_HW_WaitUs


   Segment part sizes:

   Bytes  Function/Label
   -----  --------------
       6  ??StructSizeRead?relay
       6  ??StructSizeSave?relay
      32  StructSizeRead
      53  StructSizeSave

 
 85 bytes in segment BANKED_CODE
 12 bytes in segment BANK_RELAYS
 
 97 bytes of CODE memory

Errors: none
Warnings: 1
