###############################################################################
#                                                                             #
# IAR C/C++ Compiler V8.20.2.41139 for 8051             04/Mar/2014  17:28:26 #
# Copyright 2004-2013 IAR Systems AB.                                         #
#                                                                             #
#    Core               =  plain                                              #
#    Code model         =  banked                                             #
#    Data model         =  large                                              #
#    Calling convention =  xdata reentrant                                    #
#    Constant location  =  data_rom                                           #
#    Dptr setup         =  1,16                                               #
#                                                                             #
#    Source file        =  E:\TexasInstruments\BLE-CC254x-1.4.0\Projects\ble\ #
#                          SimpleBLEPeripheralzeke\Source\SimpleTemperature.c #
#    Command line       =  -f E:\TexasInstruments\BLE-CC254x-1.4.0\Projects\b #
#                          le\SimpleBLEPeripheralzeke\CC2541DB\..\..\config\b #
#                          uildComponents.cfg (-DBROADCASTER_CFG=0x01         #
#                          -DOBSERVER_CFG=0x02 -DPERIPHERAL_CFG=0x04          #
#                          -DCENTRAL_CFG=0x08 -DADV_NCONN_CFG=0x01            #
#                          -DADV_CONN_CFG=0x02 -DSCAN_CFG=0x04                #
#                          -DINIT_CFG=0x08 -DADV_CFG=ADV_NCONN_CFG+ADV_CONN_C #
#                          FG -DLINK_CFG=ADV_CONN_CFG+INIT_CFG                #
#                          -DFULL_CFG=INIT_CFG+SCAN_CFG+ADV_NCONN_CFG+ADV_CON #
#                          N_CFG) -f E:\TexasInstruments\BLE-CC254x-1.4.0\Pro #
#                          jects\ble\SimpleBLEPeripheralzeke\CC2541DB\buildCo #
#                          nfig.cfg (-DHOST_CONFIG=PERIPHERAL_CFG             #
#                          -DGAP_PRIVACY_RECONNECT -DCC2541                   #
#                          -DOAD_IMAGE_VERSION=0x0000                         #
#                          "-DOAD_IMAGE_A_USER_ID='A', 'A', 'A', 'A'"         #
#                          "-DOAD_IMAGE_B_USER_ID='B', 'B', 'B', 'B'")        #
#                          E:\TexasInstruments\BLE-CC254x-1.4.0\Projects\ble\ #
#                          SimpleBLEPeripheralzeke\Source\SimpleTemperature.c #
#                           -D INT_HEAP_LEN=3074 -D HALNODEBUG -D             #
#                          OSAL_CBTIMER_NUM_TASKS=1 -D HAL_AES_DMA=TRUE -D    #
#                          HAL_DMA=TRUE -D POWER_SAVING -D xPLUS_BROADCASTER  #
#                          -D HAL_LCD=TRUE -D HAL_LED=TRUE -D HAL_UART=TRUE   #
#                          -lcN E:\TexasInstruments\BLE-CC254x-1.4.0\Projects #
#                          \ble\SimpleBLEPeripheralzeke\CC2541DB\CC2541\List\ #
#                           -o E:\TexasInstruments\BLE-CC254x-1.4.0\Projects\ #
#                          ble\SimpleBLEPeripheralzeke\CC2541DB\CC2541\Obj\   #
#                          -e --debug --core=plain --dptr=16,1                #
#                          --data_model=large --code_model=banked             #
#                          --calling_convention=xdata_reentrant               #
#                          --place_constants=data_rom --nr_virtual_regs 16    #
#                          -I E:\TexasInstruments\BLE-CC254x-1.4.0\Projects\b #
#                          le\SimpleBLEPeripheralzeke\CC2541DB\..\..\common\  #
#                          -I E:\TexasInstruments\BLE-CC254x-1.4.0\Projects\b #
#                          le\SimpleBLEPeripheralzeke\CC2541DB\..\..\include\ #
#                           -I E:\TexasInstruments\BLE-CC254x-1.4.0\Projects\ #
#                          ble\SimpleBLEPeripheralzeke\CC2541DB\..\..\..\..\C #
#                          omponents\hal\include\ -I                          #
#                          E:\TexasInstruments\BLE-CC254x-1.4.0\Projects\ble\ #
#                          SimpleBLEPeripheralzeke\CC2541DB\..\..\..\..\Compo #
#                          nents\hal\target\CC2541EB\ -I                      #
#                          E:\TexasInstruments\BLE-CC254x-1.4.0\Projects\ble\ #
#                          SimpleBLEPeripheralzeke\CC2541DB\..\..\..\..\Compo #
#                          nents\osal\include\ -I E:\TexasInstruments\BLE-CC2 #
#                          54x-1.4.0\Projects\ble\SimpleBLEPeripheralzeke\CC2 #
#                          541DB\..\..\..\..\Components\services\saddr\ -I    #
#                          E:\TexasInstruments\BLE-CC254x-1.4.0\Projects\ble\ #
#                          SimpleBLEPeripheralzeke\CC2541DB\..\..\..\..\Compo #
#                          nents\ble\include\ -I E:\TexasInstruments\BLE-CC25 #
#                          4x-1.4.0\Projects\ble\SimpleBLEPeripheralzeke\CC25 #
#                          41DB\..\..\..\..\Components\ble\controller\phy\    #
#                          -I E:\TexasInstruments\BLE-CC254x-1.4.0\Projects\b #
#                          le\SimpleBLEPeripheralzeke\CC2541DB\..\..\..\..\Co #
#                          mponents\ble\controller\include\ -I                #
#                          E:\TexasInstruments\BLE-CC254x-1.4.0\Projects\ble\ #
#                          SimpleBLEPeripheralzeke\CC2541DB\..\..\..\..\Compo #
#                          nents\ble\hci\ -I E:\TexasInstruments\BLE-CC254x-1 #
#                          .4.0\Projects\ble\SimpleBLEPeripheralzeke\CC2541DB #
#                          \..\..\..\..\Components\ble\host\ -I               #
#                          E:\TexasInstruments\BLE-CC254x-1.4.0\Projects\ble\ #
#                          SimpleBLEPeripheralzeke\CC2541DB\..\..\common\cc25 #
#                          40\ -I E:\TexasInstruments\BLE-CC254x-1.4.0\Projec #
#                          ts\ble\SimpleBLEPeripheralzeke\CC2541DB\..\..\comm #
#                          on\npi\npi_np\ -I E:\TexasInstruments\BLE-CC254x-1 #
#                          .4.0\Projects\ble\SimpleBLEPeripheralzeke\CC2541DB #
#                          \..\..\Profiles\Roles\ -I                          #
#                          E:\TexasInstruments\BLE-CC254x-1.4.0\Projects\ble\ #
#                          SimpleBLEPeripheralzeke\CC2541DB\..\..\Profiles\Si #
#                          mpleProfile\ -I E:\TexasInstruments\BLE-CC254x-1.4 #
#                          .0\Projects\ble\SimpleBLEPeripheralzeke\CC2541DB\. #
#                          .\..\Profiles\DevInfo\ -Ohz                        #
#    List file          =  E:\TexasInstruments\BLE-CC254x-1.4.0\Projects\ble\ #
#                          SimpleBLEPeripheralzeke\CC2541DB\CC2541\List\Simpl #
#                          eTemperature.lst                                   #
#    Object file        =  E:\TexasInstruments\BLE-CC254x-1.4.0\Projects\ble\ #
#                          SimpleBLEPeripheralzeke\CC2541DB\CC2541\Obj\Simple #
#                          Temperature.r51                                    #
#                                                                             #
#                                                                             #
###############################################################################

E:\TexasInstruments\BLE-CC254x-1.4.0\Projects\ble\SimpleBLEPeripheralzeke\Source\SimpleTemperature.c
      1          #include "SimpleTemperature.h"
      2          #include<ioCC2541.h>
      3          #include "hal_types.h"
      4          
      5          
      6          #define DISABLE_ALL_INTERRUPTS() (IEN0 = IEN1 = IEN2 = 0x00)//三个   
      7          
      8          /**************************************************************** 
      9                           温度传感器初始化函数        
     10          ****************************************************************/ 
     11          void initTempSensor(void)
     12          { 
     13             DISABLE_ALL_INTERRUPTS();            //关闭所有中断 
     14             //InitClock();                         //设置系统主时钟为 32M 
     15             TR0=0X01;         //set '1' to connectthe temperature sensorto the SOC_ADC.
     16             ATEST=0X01;       // Enablesthe temperature sensor
     17          }   
     18          
     19          /**************************************************************** 
     20          读取温度传感器 AD 值函数       
     21          ****************************************************************/ 
     22          uint8 getTemperature(void){ 
     23             
     24            uint8 i;
     25            uint16 adcvalue;
     26            uint16 value;
     27            
     28            adcvalue=0;
     29            for(i=0;i<4;i++)
     30            {
     31              ADCCON3 |=0X0E;//单通道AD转换源为温度传感器
     32              ADCCON3 &=0X3F;//单通道AD转换参考电压为1.25内部电压
     33              ADCCON3 |=0X30;//单通道AD转换分辨率为512DEC，12有效
     34              ADCCON1 |=0X30;//ADC启动方式选择为ADCCON1.ST=1事件
     35              ADCCON1 |=0X40;//ADC启动转换
     36                  
     37              while(!ADCCON1&0X80);//等待AD转换完成
     38              value =  ADCL >> 2; //ADCL寄存器低2位无效
     39              value |=(((uint16)ADCH)<<6);//连接ADCH和ADCL，并赋值给value
     40              adcvalue +=value;//adcvalue被赋值为4次AD值之和
     41            }
     42            value=adcvalue>>2;//累加除以4，得到平均值
     43            return ((value) >> 4) - 315;     //根据AD值，计算出实际的温度
     44          }

   Maximum stack usage in bytes:

   ISTACK PSTACK XSTACK Function
   ------ ------ ------ --------
       0      0     12  getTemperature
       2      0      0  initTempSensor


   Segment part sizes:

   Bytes  Function/Label
   -----  --------------
       6  ??getTemperature?relay
       6  ??initTempSensor?relay
       1  ADCCON1
       1  ADCCON3
       1  ADCH
       1  ADCL
       1  IEN2
       1  _A_IEN0
       1  _A_IEN1
      88  getTemperature
      30  initTempSensor

 
 118 bytes in segment BANKED_CODE
  12 bytes in segment BANK_RELAYS
   7 bytes in segment SFR_AN
 
 130 bytes of CODE memory
   0 bytes of DATA memory (+ 7 bytes shared)

Errors: none
Warnings: none
